[WARNING] Disabling enhanced local repository: using legacy is strongly discouraged to ensure build reproducibility.
[INFO] Scanning for projects...
[INFO] 
[INFO] Using the builder org.apache.maven.lifecycle.internal.builder.singlethreaded.SingleThreadedBuilder with a thread count of 1
[INFO]                                                                         
[INFO] ------------------------------------------------------------------------
[INFO] Building LOCAL_PROJECT APRIORI_automatise_cible2-0.1.0 (0.1,Jobs) 0.1.0
[INFO] ------------------------------------------------------------------------
[WARNING] The POM for log4j:log4j:jar:1.2.17 is missing, no dependency information available
[INFO] 
[INFO] --- maven-resources-plugin:3.0.2:resources (default-resources) @ APRIORI_automatise_cible2 ---
[WARNING] Using platform encoding (UTF-8 actually) to copy filtered resources, i.e. build is platform dependent!
[INFO] Copying 1 resource
[INFO] 
[INFO] --- maven-compiler-plugin:3.6.1:compile (default-compile) @ APRIORI_automatise_cible2 ---
[INFO] Not compiling main sources
[INFO] 
[INFO] --- maven-resources-plugin:3.0.2:testResources (default-testResources) @ APRIORI_automatise_cible2 ---
[INFO] Not copying test resources
[INFO] 
[INFO] --- maven-compiler-plugin:3.6.1:testCompile (default-testCompile) @ APRIORI_automatise_cible2 ---
[INFO] Not compiling test sources
[INFO] 
[INFO] --- maven-surefire-plugin:2.20:test (default-test) @ APRIORI_automatise_cible2 ---
[INFO] Tests are skipped.
[INFO] 
[INFO] --- maven-jar-plugin:3.0.2:jar (default-jar) @ APRIORI_automatise_cible2 ---
[INFO] Building jar: C:\Program Files (x86)\TOS_DI-Win32-20181026_1147-V7.1.1\workspace\LOCAL_PROJECT\poms\jobs\process\apriori_automatise_cible2_0.1\target\apriori_automatise_cible2_0_1.jar
[INFO] 
[INFO] --- maven-assembly-plugin:3.0.0:single (default) @ APRIORI_automatise_cible2 ---
[INFO] Reading assembly descriptor: C:\Program Files (x86)\TOS_DI-Win32-20181026_1147-V7.1.1\workspace\LOCAL_PROJECT\poms\jobs\process\apriori_automatise_cible2_0.1/src/main/assemblies/assembly.xml
[WARNING] Missing POM for log4j:log4j:jar:1.2.17
[INFO] Building zip: C:\Program Files (x86)\TOS_DI-Win32-20181026_1147-V7.1.1\workspace\LOCAL_PROJECT\poms\jobs\process\apriori_automatise_cible2_0.1\target\apriori_automatise_cible2_0_1.zip
[INFO] ------------------------------------------------------------------------
[INFO] BUILD SUCCESS
[INFO] ------------------------------------------------------------------------
[INFO] Total time: 2.577 s
[INFO] Finished at: 2019-05-22T14:05:39+01:00
[INFO] Final Memory: 14M/227M
[INFO] ------------------------------------------------------------------------
